1758841613567	geckodriver	INFO	Listening on 127.0.0.1:50324
1758841616631	mozrunner::runner	INFO	Running command: "C:\\Users\\Luciano Silveira\\.cache\\selenium\\firefox\\win64\\143.0.1\\firefox.exe" "--marionette" "--remo ... "--remote-allow-hosts" "localhost" "-no-remote" "-profile" "C:\\Users\\LUCIAN~1\\AppData\\Local\\Temp\\rust_mozprofileenTyPj"
console.warn: services.settings: Ignoring preference override of remote settings server
console.warn: services.settings: Allow by setting MOZ_REMOTE_SETTINGS_DEVTOOLS=1 in the environment
Dynamically enable window occlusion 0
1758841616916	Marionette	INFO	Marionette enabled
1758841617015	Marionette	INFO	Listening on port 59235
WebDriver BiDi listening on ws://127.0.0.1:50325
Read port: 59235
1758841617085	RemoteAgent	WARN	TLS certificate errors will be ignored for this session
console.warn: LoginRecipes: "Falling back to a synchronous message for: https://parabank.parasoft.com."
console.warn: LoginRecipes: "Falling back to a synchronous message for: https://parabank.parasoft.com."
console.warn: LoginRecipes: "Falling back to a synchronous message for: https://parabank.parasoft.com."
1758841631490	Marionette	INFO	Stopped listening on port 59235
Dynamically enable window occlusion 1
console.error: "Failed to fetch https://spocs.getpocket.com/user:" "NetworkError when attempting to fetch resource."
console.error: (new TypeError("NetworkError when attempting to fetch resource.", ""))
console.error: (new Error("OHTTP was configured for https://ads.mozilla.org/v1/delete_user but we couldn't fetch a valid config", "moz-src:///browser/modules/ContextId.sys.mjs", 234))
console.warn: TopSitesFeed: Failed to fetch data from MARS server: NetworkError when attempting to fetch resource.
JavaScript error: resource://gre/modules/ObliviousHTTP.sys.mjs, line 105: NS_ERROR_XPC_CANT_CONVERT_PRIMITIVE_TO_ARRAY: Cannot convert primitive JavaScript value into an array arg 2 [nsIObliviousHttpService.newChannel]
JavaScript error: resource://services-settings/RemoteSettingsClient.sys.mjs, line 102: Error: Unknown callback
