1758841046096	geckodriver	INFO	Listening on 127.0.0.1:61076
1758841049125	mozrunner::runner	INFO	Running command: "C:\\Users\\Luciano Silveira\\.cache\\selenium\\firefox\\win64\\143.0.1\\firefox.exe" "--marionette" "--remo ... "--remote-allow-hosts" "localhost" "-no-remote" "-profile" "C:\\Users\\LUCIAN~1\\AppData\\Local\\Temp\\rust_mozprofileEGYrKM"
console.warn: services.settings: Ignoring preference override of remote settings server
console.warn: services.settings: Allow by setting MOZ_REMOTE_SETTINGS_DEVTOOLS=1 in the environment
Dynamically enable window occlusion 0
1758841049397	Marionette	INFO	Marionette enabled
1758841049477	Marionette	INFO	Listening on port 61242
WebDriver BiDi listening on ws://127.0.0.1:61077
Read port: 61242
1758841049564	RemoteAgent	WARN	TLS certificate errors will be ignored for this session
console.warn: LoginRecipes: "Falling back to a synchronous message for: https://parabank.parasoft.com."
console.warn: LoginRecipes: "Falling back to a synchronous message for: https://parabank.parasoft.com."
console.warn: LoginRecipes: "Falling back to a synchronous message for: https://parabank.parasoft.com."
console.error: "Unable to find target with innerWindowId:15032385538"
1758841103648	Marionette	INFO	Stopped listening on port 61242
Dynamically enable window occlusion 1
JavaScript error: , line 0: NotFoundError: No such JSProcessActor 'DevToolsProcess'
JavaScript error: , line 0: NotFoundError: No such JSProcessActor 'DevToolsProcess'
JavaScript error: , line 0: NotFoundError: No such JSProcessActor 'DevToolsProcess'
console.error: "Error in worker resource://devtools/client/shared/source-map-loader/worker.js" ": "
console.error: (new TypeError("NetworkError when attempting to fetch resource.", "resource://gre/modules/AsyncShutdown.sys.mjs", 569))
console.error: (new Error("OHTTP was configured for https://ads.mozilla.org/v1/delete_user but we couldn't fetch a valid config", "moz-src:///browser/modules/ContextId.sys.mjs", 234))
console.error: "Failed to fetch https://spocs.getpocket.com/user:" "NetworkError when attempting to fetch resource."
console.warn: TopSitesFeed: Failed to fetch data from MARS server: NetworkError when attempting to fetch resource.
JavaScript error: resource://gre/modules/ObliviousHTTP.sys.mjs, line 105: NS_ERROR_XPC_CANT_CONVERT_PRIMITIVE_TO_ARRAY: Cannot convert primitive JavaScript value into an array arg 2 [nsIObliviousHttpService.newChannel]
console.error: services.settings: 
  Message: AbortError: IndexedDB: main/newtab-wallpapers-v2 getLastModified() IndexedDB:  execute() A request was aborted, for example through a call to IDBTransaction.abort.
JavaScript error: resource://services-settings/RemoteSettingsClient.sys.mjs, line 102: Error: Unknown callback
